2019-06-15T01:40:35.145Z - normal: Load ~/.CocosCreator/settings.json
2019-06-15T01:40:36.395Z - normal: Initializing Asset Database
2019-06-15T01:40:36.473Z - normal: checking language setting...
2019-06-15T01:40:36.473Z - normal: Language: zh
2019-06-15T01:40:38.066Z - success: preview server running at http://localhost:7456
2019-06-15T01:40:38.066Z - success: protocol editor-framework registered
2019-06-15T01:40:38.066Z - success: protocol app registered
2019-06-15T01:40:38.066Z - success: protocol theme registered
2019-06-15T01:40:38.066Z - success: protocol packages registered
2019-06-15T01:40:38.066Z - success: protocol uuid registerred
2019-06-15T01:40:38.066Z - success: protocol db registerred
2019-06-15T01:40:38.066Z - success: protocol thumbnail registerred
2019-06-15T01:40:38.066Z - success: protocol unpack registerred
2019-06-15T01:40:38.066Z - success: protocol disable-commonjs registerred
2019-06-15T01:40:38.191Z - normal: connected!
2019-06-15T01:40:38.191Z - normal: Check project E:\Cocos_Project\GameCourseExperiments
2019-06-15T01:40:38.191Z - normal: Initializing project E:\Cocos_Project\GameCourseExperiments
2019-06-15T01:40:39.066Z - normal: Initializing Cocos2d
2019-06-15T01:40:40.550Z - normal: Initializing engine extends
2019-06-15T01:40:40.614Z - success: asset-db-debugger loaded
2019-06-15T01:40:40.620Z - success: baidu-adapter loaded
2019-06-15T01:40:40.626Z - success: code-editor loaded
2019-06-15T01:40:40.631Z - success: color-picker loaded
2019-06-15T01:40:40.844Z - success: fb-audience-network loaded
2019-06-15T01:40:41.001Z - success: fb-live-stream loaded
2019-06-15T01:40:41.016Z - success: google-play-instant loaded
2019-06-15T01:40:41.016Z - success: huawei-runtime loaded
2019-06-15T01:40:41.016Z - success: jsb-adapter loaded
2019-06-15T01:40:41.032Z - success: oppo-runtime loaded
2019-06-15T01:40:41.032Z - success: package-manager loaded
2019-06-15T01:40:41.313Z - success: qqplay-adapter loaded
2019-06-15T01:40:41.313Z - success: runtime-dev-tools loaded
2019-06-15T01:40:41.329Z - success: sdkbox loaded
2019-06-15T01:40:41.329Z - success: tester loaded
2019-06-15T01:40:41.329Z - success: ui-grid loaded
2019-06-15T01:40:41.344Z - success: ui-kit-preview-extra loaded
2019-06-15T01:40:41.344Z - success: ui-kit-preview loaded
2019-06-15T01:40:41.344Z - success: ui-kit loaded
2019-06-15T01:40:41.344Z - success: ui-tree loaded
2019-06-15T01:40:41.360Z - success: vivo-runtime loaded
2019-06-15T01:40:41.360Z - success: weapp-adapter loaded
2019-06-15T01:40:41.438Z - success: assets loaded
2019-06-15T01:40:41.438Z - success: builder loaded
2019-06-15T01:40:42.047Z - success: cocos-services loaded
2019-06-15T01:40:42.063Z - success: console loaded
2019-06-15T01:40:42.125Z - success: fb-instant-games loaded
2019-06-15T01:40:42.125Z - success: google-instant-games loaded
2019-06-15T01:40:42.141Z - success: hierarchy loaded
2019-06-15T01:40:42.141Z - success: inspector loaded
2019-06-15T01:40:42.141Z - success: keystore loaded
2019-06-15T01:40:42.157Z - success: node-library loaded
2019-06-15T01:40:42.172Z - success: package-asset loaded
2019-06-15T01:40:42.172Z - success: preferences loaded
2019-06-15T01:40:42.172Z - success: project-exporter loaded
2019-06-15T01:40:42.172Z - success: project-importer loaded
2019-06-15T01:40:42.172Z - success: project-settings loaded
2019-06-15T01:40:42.188Z - success: scene loaded
2019-06-15T01:40:42.188Z - success: simulator-debugger loaded
2019-06-15T01:40:42.188Z - success: sprite-editor loaded
2019-06-15T01:40:42.204Z - success: store loaded
2019-06-15T01:40:42.204Z - success: timeline loaded
2019-06-15T01:40:45.207Z - normal: Loading packages
2019-06-15T01:40:45.223Z - normal: Watching packages
2019-06-15T01:40:45.270Z - info: Cocos Services load base data!
2019-06-15T01:40:46.598Z - normal: Run Application
